
Error Generated: 2025-04-27-11-32

Java Environment:
  Operating System: Windows 11
  Java Version: 21.0.6

Server Software: Paper
  Build: 1.21.5-37-f86b435 (MC: 1.21.5)
  Minecraft v1.21.5-R0.1-SNAPSHOT

Slimefun Environment:
  Slimefun v1ee27c0-Beta
  Caused by: SlimyBees vBuild 1 zh-CN(SlimefunGuguProject) (git 810abc0)

Installed Addons (45)
  + SlimyTreeTaps Build 2 zh-CN(ybw0014) (git 8a58b9f)
  + GuizhanLibPlugin Build 59 (git 34d72de)
  + LiteXpansion Build 32 (git 9b0559a)
  + ExoticGarden Build 17 (git 2a33c6d)
  + InfinityExpansion Build 16 (git 850718f)
  + DynaTech Build 83 (git 2e31d18)
  - Residence 5.1.5.3
  + TranscEndence Build 11 (git 2352ccc)
  + SlimefunWarfare Build 12 (git 7f210c5)
  + SlimyRepair Build 1 (git 790c41c)
  + PotionExpansion Build 2 (git 81d4862)
  + DracFun 2.0.2
  + SoulJars Build 10 (git 3bc8cab)
  + SlimeGlue 1.0.2-b262a4a
  + SlimefunLuckyBlocks Build 4 (git 3ff0e5a)
  + SlimyBees Build 1 zh-CN(SlimefunGuguProject) (git 810abc0)
  + HotbarPets Build 3 zh-CN(ybw0014) (git 92415a4)
  + EcoPower Build 1 zh-CN(ybw0014) (git eca8ab1)
  + AlchimiaVitae Build 9 (git 95fc682)
  + Cultivation Build 13 (git 77bca65)
  + Gastronomicon Build 8 (git 363b8ef)
  + DyedBackpacks Build 3 (git d4e0e45)
  + GeneticChickengineering Build 8 (git a6cd374)
  + FluffyMachines Build 37 (git 6733f0d)
  + ColoredEnderChests Build 4 (git c99f079)
  + FlowerPower Build 7 (git b4b9f0b)
  - SlimeTinker Build 53 (git fe4ff92)
  + PrivateStorage Build 1 zh-CN(ybw0014) (git 7205ea3)
  + MobCapturer Build 21 (git 125ab01)
  + ExtraHeads Build 4 (git 92df923)
  + SFCalc Build 6 (git 3441e14)
  + ElectricSpawners Build 5 (git 6fa0de2)
  + Supreme Build 23 (git 98df1c4)
  + BedrockTechnology Build 41 zh-CN(CTimet) (git 5dccd8e)
  + ExtraGear Build 2 zh-CN(ybw0014) (git ff13031)
  + Bump Build 42 (git 24350a5)
  - FNAmplifications Build 14 (git d5faa38)
  + SlimefunOreChunks Build 1 zh-CN(ybw0014) (git 67879ed)
  + FoxyMachines Build 31 (git b5ee826)
  + ExtraTools Build 6 (git 204b2a5)
  + WorldEditSlimefun Dev - 7
  + SaneCrafting 0.1
  + RykenSlimefunCustomizer 1.4.1
  + CreativeManager 1.35.8
  + MyFirstAddon Build 1 zh-CN(SlimefunGuguProject) (git 82208d8)

Installed Plugins (116):
  + LuckPerms 5.4.137
  + Vault 1.7.3-b131
  + PlaceholderAPI 2.11.6
  + WorldEdit 7.3.5+6880-8ba3d89
  + Slimefun 1ee27c0-Beta
  + SlimyTreeTaps Build 2 zh-CN(ybw0014) (git 8a58b9f)
  + GuizhanLibPlugin Build 59 (git 34d72de)
  + LiteXpansion Build 32 (git 9b0559a)
  + ExoticGarden Build 17 (git 2a33c6d)
  + InfinityExpansion Build 16 (git 850718f)
  - ProtocolLib 5.3.0-SNAPSHOT-726
  - WorldGuard 7.0.11-beta1+a801a9d
  + Essentials 2.21.0-dev+111-b54c8c1
  + CMILib 1.5.4.2
  + DynaTech Build 83 (git 2e31d18)
  + Citizens 2.0.38-SNAPSHOT (build 3786)
  - Residence 5.1.5.3
  + TranscEndence Build 11 (git 2352ccc)
  + SlimefunWarfare Build 12 (git 7f210c5)
  - Denizen 1.3.0-SNAPSHOT (build 1804-REL)
  - NBTAPI 2.13.1
  - ScriptBlockPlus 2.3.0
  + SlimyRepair Build 1 (git 790c41c)
  + PotionExpansion Build 2 (git 81d4862)
  + DracFun 2.0.2
  + SoulJars Build 10 (git 3bc8cab)
  + SlimeGlue 1.0.2-b262a4a
  + SlimefunLuckyBlocks Build 4 (git 3ff0e5a)
  + SlimyBees Build 1 zh-CN(SlimefunGuguProject) (git 810abc0)
  + HotbarPets Build 3 zh-CN(ybw0014) (git 92415a4)
  + EcoPower Build 1 zh-CN(ybw0014) (git eca8ab1)
  + AlchimiaVitae Build 9 (git 95fc682)
  + Cultivation Build 13 (git 77bca65)
  + Gastronomicon Build 8 (git 363b8ef)
  + DyedBackpacks Build 3 (git d4e0e45)
  + GeneticChickengineering Build 8 (git a6cd374)
  + FluffyMachines Build 37 (git 6733f0d)
  + ColoredEnderChests Build 4 (git c99f079)
  + FlowerPower Build 7 (git b4b9f0b)
  - SlimeTinker Build 53 (git fe4ff92)
  + PrivateStorage Build 1 zh-CN(ybw0014) (git 7205ea3)
  + MobCapturer Build 21 (git 125ab01)
  + ExtraHeads Build 4 (git 92df923)
  + SFCalc Build 6 (git 3441e14)
  + ElectricSpawners Build 5 (git 6fa0de2)
  + Supreme Build 23 (git 98df1c4)
  + BedrockTechnology Build 41 zh-CN(CTimet) (git 5dccd8e)
  + ExtraGear Build 2 zh-CN(ybw0014) (git ff13031)
  + Bump Build 42 (git 24350a5)
  - FNAmplifications Build 14 (git d5faa38)
  + SlimefunOreChunks Build 1 zh-CN(ybw0014) (git 67879ed)
  + FoxyMachines Build 31 (git b5ee826)
  + ExtraTools Build 6 (git 204b2a5)
  + GriefPrevention 16.18.4
  + floodgate 2.2.4-SNAPSHOT (b116-0e3163c)
  + CommandAPI 10.0.0
  + Sentinel 2.9.2-SNAPSHOT (build 527)
  + WolfyUtilities 4.19.0.0
  + ZMusic 2.8.7
  + WorldEditSUI 1.7.4
  + WorldEditSlimefun Dev - 7
  - Webizen 0.2.6
  + VeinMiner 2.2.4
  + UltraDepository 1.3.9
  - UltimateTimber 3.1.0-SNAPSHOT
  + UltimateFood 1.1.4
  - Stopwatch 1.0.6
  + SimpleTimer 1.5.2
  + SetSpawn 4.9
  - ScriptEntityPlus 1.2.3
  + ScreenInMC 2.0
  + SaneCrafting 0.1
  + RykenSlimefunCustomizer 1.4.1
  + Rtag 1.5.5
  + RandomBlockPlacement 1.2.0
  + PluginPortal 3.0.7
  + PlayerParticles 8.6
  + One_day ${project.version}
  + MultitoolPlus 1.5.16
  + LiteSignIn 1.8.2.0
  + ItemNBTEdit 1.2.3
  - ItemEdit 3.5.2
  + ItemCommand 1.1.0-SNAPSHOT
  + InventoryRollbackPlus 1.6.17
  + InfiniteScoreboard 1.2.1
  + ILoreEdit 2.6.1
  + HeadDB 2.2
  - GSit 1.9.5
  + Geyser-Spigot 2.7.0-SNAPSHOT
  + GeekPlayerBag 1.1-Bate
  + FlyWithFood 2.0.7
  - fakeplayer 0.3.9
  + EssentialsSpawn 2.21.0-dev+107-7b02d22
  + EssentialsGeoIP 2.21.0-dev+107-7b02d22
  + EssentialsChat 2.21.0-dev+107-7b02d22
  - Depenizen 2.1.1 (build 864)
  + DeluxeMenus 1.14.1-DEV-184
  - DecentHolograms 2.8.10
  + CurveBuilding 0.6.2
  + CreeperConfetti 1.4
  + CreativeManager 1.35.8
  + CommandTimer 8.8.0
  - CommandPrompter 2.9.0
  + ColorGradient 0.0.5-b1
  + ColoredAnvils 2.0.0
  + CitizensGUI 1.12
  + ChestSort 14.2.0
  + MyFirstAddon Build 1 zh-CN(SlimefunGuguProject) (git 82208d8)
  + BlueMap 5.7
  + BankPlus 6.3
  + BanItem 3.7
  + BackpackPlus 1.4.1
  + Back 1.0
  + AnvilPanel ${project.version}
  + Alchema 1.3.0-SNAPSHOT
  + ajLeaderboards 2.10.1

方块信息:
  世界: world
  X: -371
  Y: 92
  Z: -37
  方块类型: STRIPPED_CRIMSON_STEM
  方块数据: org.bukkit.craftbukkit.block.impl.CraftRotatedPillar
  状态: org.bukkit.craftbukkit.block.CraftBlockState

Ticker 信息:
  类型: 异步

Slimefun 数据:
  ID: INDUSTRIAL_BEE_HIVE
  数据加载状态: true
  物品栏: true
  数据: 

Stacktrace:

java.lang.IllegalStateException: Asynchronous entity add!
	at org.spigotmc.AsyncCatcher.catchOp(AsyncCatcher.java:10)
	at net.minecraft.server.level.ServerLevel.addEntity(ServerLevel.java:1507)
	at net.minecraft.server.level.ServerLevel.addFreshEntity(ServerLevel.java:1455)
	at org.bukkit.craftbukkit.CraftWorld.dropItem(CraftWorld.java:660)
	at org.bukkit.craftbukkit.CraftWorld.dropItemNaturally(CraftWorld.java:678)
	at org.bukkit.craftbukkit.CraftWorld.dropItemNaturally(CraftWorld.java:666)
	at SlimyBees-Build 1 zh-CN(SlimefunGuguProject) (git 810abc0).jar//cz.martinbrom.slimybees.items.machines.BeeHive.addOutputs(BeeHive.java:263)
	at SlimyBees-Build 1 zh-CN(SlimefunGuguProject) (git 810abc0).jar//cz.martinbrom.slimybees.items.machines.BeeHive.tick(BeeHive.java:122)
	at SlimyBees-Build 1 zh-CN(SlimefunGuguProject) (git 810abc0).jar//cz.martinbrom.slimybees.core.machine.AbstractTickingContainer$4.tick(AbstractTickingContainer.java:95)
	at Slimefun-1ee27c0-Beta.jar//me.mrCookieSlime.Slimefun.Objects.handlers.BlockTicker.tick(BlockTicker.java:74)
	at Slimefun-1ee27c0-Beta.jar//io.github.thebusybiscuit.slimefun4.implementation.tasks.TickerTask.tickBlock(TickerTask.java:238)
	at Slimefun-1ee27c0-Beta.jar//io.github.thebusybiscuit.slimefun4.implementation.tasks.TickerTask.tickLocation(TickerTask.java:179)
	at Slimefun-1ee27c0-Beta.jar//io.github.thebusybiscuit.slimefun4.implementation.tasks.TickerTask.tickChunk(TickerTask.java:138)
	at Slimefun-1ee27c0-Beta.jar//io.github.thebusybiscuit.slimefun4.implementation.tasks.TickerTask.run(TickerTask.java:107)
	at org.bukkit.craftbukkit.scheduler.CraftTask.run(CraftTask.java:78)
	at org.bukkit.craftbukkit.scheduler.CraftAsyncTask.run(CraftAsyncTask.java:57)
	at com.destroystokyo.paper.ServerSchedulerReportingWrapper.run(ServerSchedulerReportingWrapper.java:22)
	at java.base/java.util.concurrent.ThreadPoolExecutor.runWorker(ThreadPoolExecutor.java:1144)
	at java.base/java.util.concurrent.ThreadPoolExecutor$Worker.run(ThreadPoolExecutor.java:642)
	at java.base/java.lang.Thread.run(Thread.java:1583)
